2016-02-29 20:37:39,127 - convert - INFO - convert ./orig/aguas.png -resize 325x175 -gravity center -extent 650x350 -background white ./portfolio/aguas.png
2016-02-29 20:37:50,862 - convert - INFO - convert ./orig/aguas.png -resize 325x175 -gravity center -extent 650x350 -background white ./portfolio/aguas.png
2016-02-29 20:38:09,325 - convert - INFO - convert ./orig/aguas.png -resize 325x175 -gravity center -extent 650x350 -background white ./portfolio/aguas.png
2016-02-29 20:38:10,422 - convert - INFO - convert ./orig/agv.jpg -resize 325x175 -gravity center -extent 650x350 -background white ./portfolio/agv.png
2016-02-29 20:39:11,956 - convert - INFO - convert ./orig/aguas.png -resize 325x175 -gravity center -extent 650x350 -background white ./portfolio/aguas.png
2016-02-29 20:39:13,043 - convert - INFO - convert ./orig/agv.jpg -resize 325x175 -gravity center -extent 650x350 -background white ./portfolio/agv.png
2016-02-29 20:41:58,839 - convert - INFO - convert ./orig/aguas.png -resize 325x175 -gravity center -extent 650x350 -background white ./portfolio/aguas.png
2016-02-29 20:41:59,921 - convert - INFO - convert ./orig/avs.jpg -resize 325x175 -gravity center -extent 650x350 -background white ./portfolio/avs.png
2016-02-29 20:42:00,994 - convert - INFO - convert ./orig/bimport.png -resize 325x175 -gravity center -extent 650x350 -background white ./portfolio/bimport.png
2016-02-29 20:42:02,049 - convert - INFO - convert ./orig/cmi.png -resize 325x175 -gravity center -extent 650x350 -background white ./portfolio/cmi.png
2016-02-29 20:42:03,099 - convert - INFO - convert ./orig/gasnatural.png -resize 325x175 -gravity center -extent 650x350 -background white ./portfolio/gasnatural.png
2016-02-29 20:42:04,143 - convert - INFO - convert ./orig/generalitat.png -resize 325x175 -gravity center -extent 650x350 -background white ./portfolio/generalitat.png
2016-02-29 20:42:05,204 - convert - INFO - convert ./orig/indra.png -resize 325x175 -gravity center -extent 650x350 -background white ./portfolio/indra.png
2016-02-29 20:42:06,255 - convert - INFO - convert ./orig/ipdomo.png -resize 325x175 -gravity center -extent 650x350 -background white ./portfolio/ipdomo.png
2016-02-29 20:42:07,319 - convert - INFO - convert ./orig/itaca.png -resize 325x175 -gravity center -extent 650x350 -background white ./portfolio/itaca.png
2016-02-29 20:42:08,360 - convert - INFO - convert ./orig/lafe.png -resize 325x175 -gravity center -extent 650x350 -background white ./portfolio/lafe.png
2016-02-29 20:42:09,425 - convert - INFO - convert ./orig/neoris.png -resize 325x175 -gravity center -extent 650x350 -background white ./portfolio/neoris.png
2016-02-29 20:42:10,469 - convert - INFO - convert ./orig/rabo.png -resize 325x175 -gravity center -extent 650x350 -background white ./portfolio/rabo.png
2016-02-29 20:42:11,521 - convert - INFO - convert ./orig/uv.png -resize 325x175 -gravity center -extent 650x350 -background white ./portfolio/uv.png
2016-02-29 20:46:25,468 - convert - INFO - convert ./orig/avs.jpg -resize 325x175 -gravity center -extent 650x350 -background white ./portfolio/avs.png
2016-02-29 20:54:11,739 - convert - INFO - convert ./orig/avs.jpg -resize 450 -gravity center -extent 650x350 -background white ./portfolio/avs.png
2016-02-29 21:02:19,763 - convert - INFO - convert ./orig/avs.jpg -resize 450 -gravity center -extent 650x350 -background white ./portfolio/avs.png
2016-02-29 21:02:20,979 - convert - INFO - convert ./orig/servef.jpg -resize 450 -gravity center -extent 650x350 -background white ./portfolio/servef.png
2016-02-29 21:07:50,493 - convert - INFO - convert ./orig/avs.jpg -resize 420 -gravity center -extent 650x350 -background white ./portfolio/avs.png
2016-02-29 21:07:51,727 - convert - INFO - convert ./orig/servef.jpg -resize 420 -gravity center -extent 650x350 -background white ./portfolio/servef.png
2016-02-29 21:23:44,279 - convert - INFO - convert ./orig/avs.jpg -resize 420 -gravity center -extent 650x350 -background white ./portfolio/avs.png
2016-02-29 21:23:45,436 - convert - INFO - convert ./orig/cmadrid.jpg -resize 420 -gravity center -extent 650x350 -background white ./portfolio/cmadrid.png
2016-02-29 21:23:46,520 - convert - INFO - convert ./orig/servef.jpg -resize 420 -gravity center -extent 650x350 -background white ./portfolio/servef.png
2016-02-29 21:29:34,307 - convert - INFO - convert ./orig/avs.jpg -resize 420 -gravity center -extent 650x350 -background white ./portfolio/avs.png
2016-02-29 21:29:35,422 - convert - INFO - convert ./orig/cmadrid.jpg -resize 420 -gravity center -extent 650x350 -background white ./portfolio/cmadrid.png
2016-02-29 21:29:36,495 - convert - INFO - convert ./orig/servef.jpg -resize 420 -gravity center -extent 650x350 -background white ./portfolio/servef.png
2016-02-29 21:32:16,554 - convert - INFO - convert ./orig/avs.jpg -resize 420 -gravity center -extent 650x350 -background white ./portfolio/avs.png
2016-02-29 21:32:17,686 - convert - INFO - convert ./orig/cmadrid.jpg -resize 420 -gravity center -extent 650x350 -background white ./portfolio/cmadrid.png
2016-02-29 21:32:18,755 - convert - INFO - convert ./orig/servef.jpg -resize 420 -gravity center -extent 650x350 -background white ./portfolio/servef.png
